# JRE version: Java(TM) SE Runtime Environment (8.0_291-b10) (build 1.8.0_291-b10)
# Java VM: Java HotSpot(TM) 64-Bit Server VM (25.291-b10 mixed mode windows-amd64 compressed oops)
Heap:
 PSYoungGen      total 139776K, used 112928K [0x000000076b200000, 0x000000077ee80000, 0x00000007c0000000)
  eden space 139264K, 80% used [0x000000076b200000,0x00000007720000f8,0x0000000773a00000)
  from space 512K, 56% used [0x000000077ed80000,0x000000077edc8000,0x000000077ee00000)
  to   space 512K, 0% used [0x000000077ee00000,0x000000077ee00000,0x000000077ee80000)
 ParOldGen       total 76800K, used 40201K [0x00000006c1600000, 0x00000006c6100000, 0x000000076b200000)
  object space 76800K, 52% used [0x00000006c1600000,0x00000006c3d42738,0x00000006c6100000)
 Metaspace       used 21843K, capacity 22306K, committed 22656K, reserved 1069056K
  class space    used 2730K, capacity 2835K, committed 2944K, reserved 1048576K
GC Heap History (10 events):
Event: 195.193 GC heap before
{Heap before GC invocations=1568 (full 1):
 PSYoungGen      total 165888K, used 165600K [0x000000076b200000, 0x000000077ee80000, 0x00000007c0000000)
  eden space 165376K, 100% used [0x000000076b200000,0x0000000775380000,0x0000000775380000)
  from space 512K, 43% used [0x000000077ee00000,0x000000077ee38000,0x000000077ee80000)
  to   space 512K, 0% used [0x000000077ed80000,0x000000077ed80000,0x000000077ee00000)
 ParOldGen       total 76800K, used 40097K [0x00000006c1600000, 0x00000006c6100000, 0x000000076b200000)
  object space 76800K, 52% used [0x00000006c1600000,0x00000006c3d28738,0x00000006c6100000)
 Metaspace       used 21818K, capacity 22294K, committed 22656K, reserved 1069056K
  class space    used 2728K, capacity 2833K, committed 2944K, reserved 1048576K
Event: 195.194 GC heap after
Heap after GC invocations=1568 (full 1):
 PSYoungGen      total 160256K, used 320K [0x000000076b200000, 0x000000077ee80000, 0x00000007c0000000)
  eden space 159744K, 0% used [0x000000076b200000,0x000000076b200000,0x0000000774e00000)
  from space 512K, 62% used [0x000000077ed80000,0x000000077edd0000,0x000000077ee00000)
  to   space 512K, 0% used [0x000000077ee00000,0x000000077ee00000,0x000000077ee80000)
 ParOldGen       total 76800K, used 40097K [0x00000006c1600000, 0x00000006c6100000, 0x000000076b200000)
  object space 76800K, 52% used [0x00000006c1600000,0x00000006c3d28738,0x00000006c6100000)
 Metaspace       used 21818K, capacity 22294K, committed 22656K, reserved 1069056K
  class space    used 2728K, capacity 2833K, committed 2944K, reserved 1048576K
}
Event: 195.310 GC heap before
{Heap before GC invocations=1569 (full 1):
 PSYoungGen      total 160256K, used 160064K [0x000000076b200000, 0x000000077ee80000, 0x00000007c0000000)
  eden space 159744K, 100% used [0x000000076b200000,0x0000000774e00000,0x0000000774e00000)
  from space 512K, 62% used [0x000000077ed80000,0x000000077edd0000,0x000000077ee00000)
  to   space 512K, 0% used [0x000000077ee00000,0x000000077ee00000,0x000000077ee80000)
 ParOldGen       total 76800K, used 40097K [0x00000006c1600000, 0x00000006c6100000, 0x000000076b200000)
  object space 76800K, 52% used [0x00000006c1600000,0x00000006c3d28738,0x00000006c6100000)
 Metaspace       used 21819K, capacity 22294K, committed 22656K, reserved 1069056K
  class space    used 2728K, capacity 2833K, committed 2944K, reserved 1048576K
Event: 195.311 GC heap after
Heap after GC invocations=1569 (full 1):
 PSYoungGen      total 154624K, used 256K [0x000000076b200000, 0x000000077ee80000, 0x00000007c0000000)
  eden space 154112K, 0% used [0x000000076b200000,0x000000076b200000,0x0000000774880000)
  from space 512K, 50% used [0x000000077ee00000,0x000000077ee40000,0x000000077ee80000)
  to   space 512K, 0% used [0x000000077ed80000,0x000000077ed80000,0x000000077ee00000)
 ParOldGen       total 76800K, used 40129K [0x00000006c1600000, 0x00000006c6100000, 0x000000076b200000)
  object space 76800K, 52% used [0x00000006c1600000,0x00000006c3d30738,0x00000006c6100000)
 Metaspace       used 21819K, capacity 22294K, committed 22656K, reserved 1069056K
  class space    used 2728K, capacity 2833K, committed 2944K, reserved 1048576K
}
Event: 195.422 GC heap before
{Heap before GC invocations=1570 (full 1):
 PSYoungGen      total 154624K, used 154368K [0x000000076b200000, 0x000000077ee80000, 0x00000007c0000000)
  eden space 154112K, 100% used [0x000000076b200000,0x0000000774880000,0x0000000774880000)
  from space 512K, 50% used [0x000000077ee00000,0x000000077ee40000,0x000000077ee80000)
  to   space 512K, 0% used [0x000000077ed80000,0x000000077ed80000,0x000000077ee00000)
 ParOldGen       total 76800K, used 40129K [0x00000006c1600000, 0x00000006c6100000, 0x000000076b200000)
  object space 76800K, 52% used [0x00000006c1600000,0x00000006c3d30738,0x00000006c6100000)
 Metaspace       used 21819K, capacity 22294K, committed 22656K, reserved 1069056K
  class space    used 2728K, capacity 2833K, committed 2944K, reserved 1048576K
Event: 195.423 GC heap after
Heap after GC invocations=1570 (full 1):
 PSYoungGen      total 149504K, used 192K [0x000000076b200000, 0x000000077ee80000, 0x00000007c0000000)
  eden space 148992K, 0% used [0x000000076b200000,0x000000076b200000,0x0000000774380000)
  from space 512K, 37% used [0x000000077ed80000,0x000000077edb0000,0x000000077ee00000)
  to   space 512K, 0% used [0x000000077ee00000,0x000000077ee00000,0x000000077ee80000)
 ParOldGen       total 76800K, used 40153K [0x00000006c1600000, 0x00000006c6100000, 0x000000076b200000)
  object space 76800K, 52% used [0x00000006c1600000,0x00000006c3d36738,0x00000006c6100000)
 Metaspace       used 21819K, capacity 22294K, committed 22656K, reserved 1069056K
  class space    used 2728K, capacity 2833K, committed 2944K, reserved 1048576K
}
Event: 195.529 GC heap before
{Heap before GC invocations=1571 (full 1):
 PSYoungGen      total 149504K, used 149184K [0x000000076b200000, 0x000000077ee80000, 0x00000007c0000000)
  eden space 148992K, 100% used [0x000000076b200000,0x0000000774380000,0x0000000774380000)
  from space 512K, 37% used [0x000000077ed80000,0x000000077edb0000,0x000000077ee00000)
  to   space 512K, 0% used [0x000000077ee00000,0x000000077ee00000,0x000000077ee80000)
 ParOldGen       total 76800K, used 40153K [0x00000006c1600000, 0x00000006c6100000, 0x000000076b200000)
  object space 76800K, 52% used [0x00000006c1600000,0x00000006c3d36738,0x00000006c6100000)
 Metaspace       used 21819K, capacity 22294K, committed 22656K, reserved 1069056K
  class space    used 2728K, capacity 2833K, committed 2944K, reserved 1048576K
Event: 195.529 GC heap after
Heap after GC invocations=1571 (full 1):
 PSYoungGen      total 144384K, used 224K [0x000000076b200000, 0x000000077ee80000, 0x00000007c0000000)
  eden space 143872K, 0% used [0x000000076b200000,0x000000076b200000,0x0000000773e80000)
  from space 512K, 43% used [0x000000077ee00000,0x000000077ee38000,0x000000077ee80000)
  to   space 512K, 0% used [0x000000077ed80000,0x000000077ed80000,0x000000077ee00000)
 ParOldGen       total 76800K, used 40177K [0x00000006c1600000, 0x00000006c6100000, 0x000000076b200000)
  object space 76800K, 52% used [0x00000006c1600000,0x00000006c3d3c738,0x00000006c6100000)
 Metaspace       used 21819K, capacity 22294K, committed 22656K, reserved 1069056K
  class space    used 2728K, capacity 2833K, committed 2944K, reserved 1048576K
}
Event: 195.632 GC heap before
{Heap before GC invocations=1572 (full 1):
 PSYoungGen      total 144384K, used 144096K [0x000000076b200000, 0x000000077ee80000, 0x00000007c0000000)
  eden space 143872K, 100% used [0x000000076b200000,0x0000000773e80000,0x0000000773e80000)
  from space 512K, 43% used [0x000000077ee00000,0x000000077ee38000,0x000000077ee80000)
  to   space 512K, 0% used [0x000000077ed80000,0x000000077ed80000,0x000000077ee00000)
 ParOldGen       total 76800K, used 40177K [0x00000006c1600000, 0x00000006c6100000, 0x000000076b200000)
  object space 76800K, 52% used [0x00000006c1600000,0x00000006c3d3c738,0x00000006c6100000)
 Metaspace       used 21819K, capacity 22294K, committed 22656K, reserved 1069056K
  class space    used 2728K, capacity 2833K, committed 2944K, reserved 1048576K
Event: 195.633 GC heap after
Heap after GC invocations=1572 (full 1):
 PSYoungGen      total 139776K, used 288K [0x000000076b200000, 0x000000077ee80000, 0x00000007c0000000)
  eden space 139264K, 0% used [0x000000076b200000,0x000000076b200000,0x0000000773a00000)
  from space 512K, 56% used [0x000000077ed80000,0x000000077edc8000,0x000000077ee00000)
  to   space 512K, 0% used [0x000000077ee00000,0x000000077ee00000,0x000000077ee80000)
 ParOldGen       total 76800K, used 40201K [0x00000006c1600000, 0x00000006c6100000, 0x000000076b200000)
  object space 76800K, 52% used [0x00000006c1600000,0x00000006c3d42738,0x00000006c6100000)
 Metaspace       used 21819K, capacity 22294K, committed 22656K, reserved 1069056K
  class space    used 2728K, capacity 2833K, committed 2944K, reserved 1048576K
}

