# JRE version: Java(TM) SE Runtime Environment (8.0_291-b10) (build 1.8.0_291-b10)
# Java VM: Java HotSpot(TM) 64-Bit Server VM (25.291-b10 mixed mode windows-amd64 compressed oops)
Heap:
 PSYoungGen      total 89600K, used 81331K [0x000000076b200000, 0x0000000771d00000, 0x00000007c0000000)
  eden space 82432K, 96% used [0x000000076b200000,0x000000076ff83a68,0x0000000770280000)
  from space 7168K, 27% used [0x0000000770280000,0x0000000770469220,0x0000000770980000)
  to   space 7168K, 0% used [0x0000000771600000,0x0000000771600000,0x0000000771d00000)
 ParOldGen       total 159744K, used 34700K [0x00000006c1600000, 0x00000006cb200000, 0x000000076b200000)
  object space 159744K, 21% used [0x00000006c1600000,0x00000006c37e33d8,0x00000006cb200000)
 Metaspace       used 21286K, capacity 21790K, committed 22144K, reserved 1069056K
  class space    used 2706K, capacity 2837K, committed 2944K, reserved 1048576K
GC Heap History (10 events):
Event: 51.166 GC heap before
{Heap before GC invocations=24 (full 2):
 PSYoungGen      total 54784K, used 51859K [0x000000076b200000, 0x0000000770080000, 0x00000007c0000000)
  eden space 48128K, 99% used [0x000000076b200000,0x000000076e0f27d8,0x000000076e100000)
  from space 6656K, 56% used [0x000000076e100000,0x000000076e4b2440,0x000000076e780000)
  to   space 6656K, 0% used [0x000000076fa00000,0x000000076fa00000,0x0000000770080000)
 ParOldGen       total 127488K, used 33611K [0x00000006c1600000, 0x00000006c9280000, 0x000000076b200000)
  object space 127488K, 26% used [0x00000006c1600000,0x00000006c36d2d38,0x00000006c9280000)
 Metaspace       used 21277K, capacity 21790K, committed 22144K, reserved 1069056K
  class space    used 2706K, capacity 2837K, committed 2944K, reserved 1048576K
Event: 51.181 GC heap after
Heap after GC invocations=24 (full 2):
 PSYoungGen      total 73728K, used 3945K [0x000000076b200000, 0x0000000770080000, 0x00000007c0000000)
  eden space 67072K, 0% used [0x000000076b200000,0x000000076b200000,0x000000076f380000)
  from space 6656K, 59% used [0x000000076fa00000,0x000000076fdda440,0x0000000770080000)
  to   space 6656K, 0% used [0x000000076f380000,0x000000076f380000,0x000000076fa00000)
 ParOldGen       total 127488K, used 103538K [0x00000006c1600000, 0x00000006c9280000, 0x000000076b200000)
  object space 127488K, 81% used [0x00000006c1600000,0x00000006c7b1cae8,0x00000006c9280000)
 Metaspace       used 21277K, capacity 21790K, committed 22144K, reserved 1069056K
  class space    used 2706K, capacity 2837K, committed 2944K, reserved 1048576K
}
Event: 51.181 GC heap before
{Heap before GC invocations=25 (full 3):
 PSYoungGen      total 73728K, used 3945K [0x000000076b200000, 0x0000000770080000, 0x00000007c0000000)
  eden space 67072K, 0% used [0x000000076b200000,0x000000076b200000,0x000000076f380000)
  from space 6656K, 59% used [0x000000076fa00000,0x000000076fdda440,0x0000000770080000)
  to   space 6656K, 0% used [0x000000076f380000,0x000000076f380000,0x000000076fa00000)
 ParOldGen       total 127488K, used 103538K [0x00000006c1600000, 0x00000006c9280000, 0x000000076b200000)
  object space 127488K, 81% used [0x00000006c1600000,0x00000006c7b1cae8,0x00000006c9280000)
 Metaspace       used 21277K, capacity 21790K, committed 22144K, reserved 1069056K
  class space    used 2706K, capacity 2837K, committed 2944K, reserved 1048576K
Event: 51.212 GC heap after
Heap after GC invocations=25 (full 3):
 PSYoungGen      total 73728K, used 0K [0x000000076b200000, 0x0000000770080000, 0x00000007c0000000)
  eden space 67072K, 0% used [0x000000076b200000,0x000000076b200000,0x000000076f380000)
  from space 6656K, 0% used [0x000000076fa00000,0x000000076fa00000,0x0000000770080000)
  to   space 6656K, 0% used [0x000000076f380000,0x000000076f380000,0x000000076fa00000)
 ParOldGen       total 159744K, used 31027K [0x00000006c1600000, 0x00000006cb200000, 0x000000076b200000)
  object space 159744K, 19% used [0x00000006c1600000,0x00000006c344cf98,0x00000006cb200000)
 Metaspace       used 21277K, capacity 21790K, committed 22144K, reserved 1069056K
  class space    used 2706K, capacity 2837K, committed 2944K, reserved 1048576K
}
Event: 51.842 GC heap before
{Heap before GC invocations=26 (full 3):
 PSYoungGen      total 73728K, used 53000K [0x000000076b200000, 0x0000000770080000, 0x00000007c0000000)
  eden space 67072K, 79% used [0x000000076b200000,0x000000076e5c21f8,0x000000076f380000)
  from space 6656K, 0% used [0x000000076fa00000,0x000000076fa00000,0x0000000770080000)
  to   space 6656K, 0% used [0x000000076f380000,0x000000076f380000,0x000000076fa00000)
 ParOldGen       total 159744K, used 31027K [0x00000006c1600000, 0x00000006cb200000, 0x000000076b200000)
  object space 159744K, 19% used [0x00000006c1600000,0x00000006c344cf98,0x00000006cb200000)
 Metaspace       used 21277K, capacity 21790K, committed 22144K, reserved 1069056K
  class space    used 2706K, capacity 2837K, committed 2944K, reserved 1048576K
Event: 51.843 GC heap after
Heap after GC invocations=26 (full 3):
 PSYoungGen      total 73728K, used 5741K [0x000000076b200000, 0x0000000771300000, 0x00000007c0000000)
  eden space 67072K, 0% used [0x000000076b200000,0x000000076b200000,0x000000076f380000)
  from space 6656K, 86% used [0x000000076f380000,0x000000076f91b660,0x000000076fa00000)
  to   space 7680K, 0% used [0x0000000770b80000,0x0000000770b80000,0x0000000771300000)
 ParOldGen       total 159744K, used 31035K [0x00000006c1600000, 0x00000006cb200000, 0x000000076b200000)
  object space 159744K, 19% used [0x00000006c1600000,0x00000006c344ef98,0x00000006cb200000)
 Metaspace       used 21277K, capacity 21790K, committed 22144K, reserved 1069056K
  class space    used 2706K, capacity 2837K, committed 2944K, reserved 1048576K
}
Event: 52.458 GC heap before
{Heap before GC invocations=27 (full 3):
 PSYoungGen      total 73728K, used 56461K [0x000000076b200000, 0x0000000771300000, 0x00000007c0000000)
  eden space 67072K, 75% used [0x000000076b200000,0x000000076e387f00,0x000000076f380000)
  from space 6656K, 86% used [0x000000076f380000,0x000000076f91b660,0x000000076fa00000)
  to   space 7680K, 0% used [0x0000000770b80000,0x0000000770b80000,0x0000000771300000)
 ParOldGen       total 159744K, used 31035K [0x00000006c1600000, 0x00000006cb200000, 0x000000076b200000)
  object space 159744K, 19% used [0x00000006c1600000,0x00000006c344ef98,0x00000006cb200000)
 Metaspace       used 21277K, capacity 21790K, committed 22144K, reserved 1069056K
  class space    used 2706K, capacity 2837K, committed 2944K, reserved 1048576K
Event: 52.460 GC heap after
Heap after GC invocations=27 (full 3):
 PSYoungGen      total 87552K, used 1988K [0x000000076b200000, 0x0000000771080000, 0x00000007c0000000)
  eden space 82432K, 0% used [0x000000076b200000,0x000000076b200000,0x0000000770280000)
  from space 5120K, 38% used [0x0000000770b80000,0x0000000770d71220,0x0000000771080000)
  to   space 7168K, 0% used [0x0000000770280000,0x0000000770280000,0x0000000770980000)
 ParOldGen       total 159744K, used 34684K [0x00000006c1600000, 0x00000006cb200000, 0x000000076b200000)
  object space 159744K, 21% used [0x00000006c1600000,0x00000006c37df3d8,0x00000006cb200000)
 Metaspace       used 21277K, capacity 21790K, committed 22144K, reserved 1069056K
  class space    used 2706K, capacity 2837K, committed 2944K, reserved 1048576K
}
Event: 53.586 GC heap before
{Heap before GC invocations=28 (full 3):
 PSYoungGen      total 87552K, used 78706K [0x000000076b200000, 0x0000000771080000, 0x00000007c0000000)
  eden space 82432K, 93% used [0x000000076b200000,0x000000076fceb798,0x0000000770280000)
  from space 5120K, 38% used [0x0000000770b80000,0x0000000770d71220,0x0000000771080000)
  to   space 7168K, 0% used [0x0000000770280000,0x0000000770280000,0x0000000770980000)
 ParOldGen       total 159744K, used 34684K [0x00000006c1600000, 0x00000006cb200000, 0x000000076b200000)
  object space 159744K, 21% used [0x00000006c1600000,0x00000006c37df3d8,0x00000006cb200000)
 Metaspace       used 21282K, capacity 21790K, committed 22144K, reserved 1069056K
  class space    used 2706K, capacity 2837K, committed 2944K, reserved 1048576K
Event: 53.590 GC heap after
Heap after GC invocations=28 (full 3):
 PSYoungGen      total 89600K, used 1956K [0x000000076b200000, 0x0000000771d00000, 0x00000007c0000000)
  eden space 82432K, 0% used [0x000000076b200000,0x000000076b200000,0x0000000770280000)
  from space 7168K, 27% used [0x0000000770280000,0x0000000770469220,0x0000000770980000)
  to   space 7168K, 0% used [0x0000000771600000,0x0000000771600000,0x0000000771d00000)
 ParOldGen       total 159744K, used 34700K [0x00000006c1600000, 0x00000006cb200000, 0x000000076b200000)
  object space 159744K, 21% used [0x00000006c1600000,0x00000006c37e33d8,0x00000006cb200000)
 Metaspace       used 21282K, capacity 21790K, committed 22144K, reserved 1069056K
  class space    used 2706K, capacity 2837K, committed 2944K, reserved 1048576K
}

