# JRE version: Java(TM) SE Runtime Environment (8.0_291-b10) (build 1.8.0_291-b10)
# Java VM: Java HotSpot(TM) 64-Bit Server VM (25.291-b10 mixed mode windows-amd64 compressed oops)
Heap:
 PSYoungGen      total 76288K, used 34753K [0x000000076b200000, 0x0000000770700000, 0x00000007c0000000)
  eden space 65536K, 53% used [0x000000076b200000,0x000000076d3f0788,0x000000076f200000)
  from space 10752K, 0% used [0x000000076f200000,0x000000076f200000,0x000000076fc80000)
  to   space 10752K, 0% used [0x000000076fc80000,0x000000076fc80000,0x0000000770700000)
 ParOldGen       total 78336K, used 9237K [0x00000006c1600000, 0x00000006c6280000, 0x000000076b200000)
  object space 78336K, 11% used [0x00000006c1600000,0x00000006c1f055e8,0x00000006c6280000)
 Metaspace       used 21072K, capacity 21576K, committed 21760K, reserved 1069056K
  class space    used 2689K, capacity 2806K, committed 2816K, reserved 1048576K
GC Heap History (4 events):
Event: 16.821 GC heap before
{Heap before GC invocations=1 (full 0):
 PSYoungGen      total 76288K, used 58550K [0x000000076b200000, 0x0000000770700000, 0x00000007c0000000)
  eden space 65536K, 89% used [0x000000076b200000,0x000000076eb2db00,0x000000076f200000)
  from space 10752K, 0% used [0x000000076fc80000,0x000000076fc80000,0x0000000770700000)
  to   space 10752K, 0% used [0x000000076f200000,0x000000076f200000,0x000000076fc80000)
 ParOldGen       total 175104K, used 0K [0x00000006c1600000, 0x00000006cc100000, 0x000000076b200000)
  object space 175104K, 0% used [0x00000006c1600000,0x00000006c1600000,0x00000006cc100000)
 Metaspace       used 20614K, capacity 21106K, committed 21248K, reserved 1067008K
  class space    used 2630K, capacity 2761K, committed 2816K, reserved 1048576K
Event: 16.828 GC heap after
Heap after GC invocations=1 (full 0):
 PSYoungGen      total 76288K, used 10727K [0x000000076b200000, 0x0000000770700000, 0x00000007c0000000)
  eden space 65536K, 0% used [0x000000076b200000,0x000000076b200000,0x000000076f200000)
  from space 10752K, 99% used [0x000000076f200000,0x000000076fc79ea0,0x000000076fc80000)
  to   space 10752K, 0% used [0x000000076fc80000,0x000000076fc80000,0x0000000770700000)
 ParOldGen       total 175104K, used 3449K [0x00000006c1600000, 0x00000006cc100000, 0x000000076b200000)
  object space 175104K, 1% used [0x00000006c1600000,0x00000006c195e520,0x00000006cc100000)
 Metaspace       used 20614K, capacity 21106K, committed 21248K, reserved 1067008K
  class space    used 2630K, capacity 2761K, committed 2816K, reserved 1048576K
}
Event: 16.828 GC heap before
{Heap before GC invocations=2 (full 1):
 PSYoungGen      total 76288K, used 10727K [0x000000076b200000, 0x0000000770700000, 0x00000007c0000000)
  eden space 65536K, 0% used [0x000000076b200000,0x000000076b200000,0x000000076f200000)
  from space 10752K, 99% used [0x000000076f200000,0x000000076fc79ea0,0x000000076fc80000)
  to   space 10752K, 0% used [0x000000076fc80000,0x000000076fc80000,0x0000000770700000)
 ParOldGen       total 175104K, used 3449K [0x00000006c1600000, 0x00000006cc100000, 0x000000076b200000)
  object space 175104K, 1% used [0x00000006c1600000,0x00000006c195e520,0x00000006cc100000)
 Metaspace       used 20614K, capacity 21106K, committed 21248K, reserved 1067008K
  class space    used 2630K, capacity 2761K, committed 2816K, reserved 1048576K
Event: 16.852 GC heap after
Heap after GC invocations=2 (full 1):
 PSYoungGen      total 76288K, used 0K [0x000000076b200000, 0x0000000770700000, 0x00000007c0000000)
  eden space 65536K, 0% used [0x000000076b200000,0x000000076b200000,0x000000076f200000)
  from space 10752K, 0% used [0x000000076f200000,0x000000076f200000,0x000000076fc80000)
  to   space 10752K, 0% used [0x000000076fc80000,0x000000076fc80000,0x0000000770700000)
 ParOldGen       total 78336K, used 9237K [0x00000006c1600000, 0x00000006c6280000, 0x000000076b200000)
  object space 78336K, 11% used [0x00000006c1600000,0x00000006c1f055e8,0x00000006c6280000)
 Metaspace       used 20614K, capacity 21106K, committed 21248K, reserved 1067008K
  class space    used 2630K, capacity 2761K, committed 2816K, reserved 1048576K
}

