# JRE version: Java(TM) SE Runtime Environment (8.0_291-b10) (build 1.8.0_291-b10)
# Java VM: Java HotSpot(TM) 64-Bit Server VM (25.291-b10 mixed mode windows-amd64 compressed oops)
Heap:
 PSYoungGen      total 76288K, used 9908K [0x000000076b200000, 0x0000000770700000, 0x00000007c0000000)
  eden space 65536K, 15% used [0x000000076b200000,0x000000076bbad318,0x000000076f200000)
  from space 10752K, 0% used [0x000000076f200000,0x000000076f200000,0x000000076fc80000)
  to   space 10752K, 0% used [0x000000076fc80000,0x000000076fc80000,0x0000000770700000)
 ParOldGen       total 78336K, used 9264K [0x00000006c1600000, 0x00000006c6280000, 0x000000076b200000)
  object space 78336K, 11% used [0x00000006c1600000,0x00000006c1f0c340,0x00000006c6280000)
 Metaspace       used 20903K, capacity 21412K, committed 21504K, reserved 1069056K
  class space    used 2671K, capacity 2802K, committed 2816K, reserved 1048576K
GC Heap History (4 events):
Event: 31.098 GC heap before
{Heap before GC invocations=1 (full 0):
 PSYoungGen      total 76288K, used 55578K [0x000000076b200000, 0x0000000770700000, 0x00000007c0000000)
  eden space 65536K, 84% used [0x000000076b200000,0x000000076e846a18,0x000000076f200000)
  from space 10752K, 0% used [0x000000076fc80000,0x000000076fc80000,0x0000000770700000)
  to   space 10752K, 0% used [0x000000076f200000,0x000000076f200000,0x000000076fc80000)
 ParOldGen       total 175104K, used 0K [0x00000006c1600000, 0x00000006cc100000, 0x000000076b200000)
  object space 175104K, 0% used [0x00000006c1600000,0x00000006c1600000,0x00000006cc100000)
 Metaspace       used 20760K, capacity 21206K, committed 21248K, reserved 1067008K
  class space    used 2667K, capacity 2799K, committed 2816K, reserved 1048576K
Event: 31.103 GC heap after
Heap after GC invocations=1 (full 0):
 PSYoungGen      total 76288K, used 10747K [0x000000076b200000, 0x0000000770700000, 0x00000007c0000000)
  eden space 65536K, 0% used [0x000000076b200000,0x000000076b200000,0x000000076f200000)
  from space 10752K, 99% used [0x000000076f200000,0x000000076fc7ed80,0x000000076fc80000)
  to   space 10752K, 0% used [0x000000076fc80000,0x000000076fc80000,0x0000000770700000)
 ParOldGen       total 175104K, used 3338K [0x00000006c1600000, 0x00000006cc100000, 0x000000076b200000)
  object space 175104K, 1% used [0x00000006c1600000,0x00000006c1942a90,0x00000006cc100000)
 Metaspace       used 20760K, capacity 21206K, committed 21248K, reserved 1067008K
  class space    used 2667K, capacity 2799K, committed 2816K, reserved 1048576K
}
Event: 31.103 GC heap before
{Heap before GC invocations=2 (full 1):
 PSYoungGen      total 76288K, used 10747K [0x000000076b200000, 0x0000000770700000, 0x00000007c0000000)
  eden space 65536K, 0% used [0x000000076b200000,0x000000076b200000,0x000000076f200000)
  from space 10752K, 99% used [0x000000076f200000,0x000000076fc7ed80,0x000000076fc80000)
  to   space 10752K, 0% used [0x000000076fc80000,0x000000076fc80000,0x0000000770700000)
 ParOldGen       total 175104K, used 3338K [0x00000006c1600000, 0x00000006cc100000, 0x000000076b200000)
  object space 175104K, 1% used [0x00000006c1600000,0x00000006c1942a90,0x00000006cc100000)
 Metaspace       used 20760K, capacity 21206K, committed 21248K, reserved 1067008K
  class space    used 2667K, capacity 2799K, committed 2816K, reserved 1048576K
Event: 31.130 GC heap after
Heap after GC invocations=2 (full 1):
 PSYoungGen      total 76288K, used 0K [0x000000076b200000, 0x0000000770700000, 0x00000007c0000000)
  eden space 65536K, 0% used [0x000000076b200000,0x000000076b200000,0x000000076f200000)
  from space 10752K, 0% used [0x000000076f200000,0x000000076f200000,0x000000076fc80000)
  to   space 10752K, 0% used [0x000000076fc80000,0x000000076fc80000,0x0000000770700000)
 ParOldGen       total 78336K, used 9264K [0x00000006c1600000, 0x00000006c6280000, 0x000000076b200000)
  object space 78336K, 11% used [0x00000006c1600000,0x00000006c1f0c340,0x00000006c6280000)
 Metaspace       used 20760K, capacity 21206K, committed 21248K, reserved 1067008K
  class space    used 2667K, capacity 2799K, committed 2816K, reserved 1048576K
}

