# JRE version: Java(TM) SE Runtime Environment (8.0_291-b10) (build 1.8.0_291-b10)
# Java VM: Java HotSpot(TM) 64-Bit Server VM (25.291-b10 mixed mode windows-amd64 compressed oops)
Heap:
 PSYoungGen      total 76288K, used 23378K [0x000000076b200000, 0x0000000770700000, 0x00000007c0000000)
  eden space 65536K, 35% used [0x000000076b200000,0x000000076c8d4a68,0x000000076f200000)
  from space 10752K, 0% used [0x000000076f200000,0x000000076f200000,0x000000076fc80000)
  to   space 10752K, 0% used [0x000000076fc80000,0x000000076fc80000,0x0000000770700000)
 ParOldGen       total 79360K, used 9455K [0x00000006c1600000, 0x00000006c6380000, 0x000000076b200000)
  object space 79360K, 11% used [0x00000006c1600000,0x00000006c1f3bca8,0x00000006c6380000)
 Metaspace       used 21168K, capacity 21694K, committed 22016K, reserved 1069056K
  class space    used 2629K, capacity 2767K, committed 2816K, reserved 1048576K
GC Heap History (4 events):
Event: 13.832 GC heap before
{Heap before GC invocations=1 (full 0):
 PSYoungGen      total 76288K, used 53374K [0x000000076b200000, 0x0000000770700000, 0x00000007c0000000)
  eden space 65536K, 81% used [0x000000076b200000,0x000000076e61fa38,0x000000076f200000)
  from space 10752K, 0% used [0x000000076fc80000,0x000000076fc80000,0x0000000770700000)
  to   space 10752K, 0% used [0x000000076f200000,0x000000076f200000,0x000000076fc80000)
 ParOldGen       total 175104K, used 0K [0x00000006c1600000, 0x00000006cc100000, 0x000000076b200000)
  object space 175104K, 0% used [0x00000006c1600000,0x00000006c1600000,0x00000006cc100000)
 Metaspace       used 20679K, capacity 21096K, committed 21248K, reserved 1067008K
  class space    used 2610K, capacity 2724K, committed 2816K, reserved 1048576K
Event: 13.835 GC heap after
Heap after GC invocations=1 (full 0):
 PSYoungGen      total 76288K, used 10746K [0x000000076b200000, 0x0000000770700000, 0x00000007c0000000)
  eden space 65536K, 0% used [0x000000076b200000,0x000000076b200000,0x000000076f200000)
  from space 10752K, 99% used [0x000000076f200000,0x000000076fc7e958,0x000000076fc80000)
  to   space 10752K, 0% used [0x000000076fc80000,0x000000076fc80000,0x0000000770700000)
 ParOldGen       total 175104K, used 3886K [0x00000006c1600000, 0x00000006cc100000, 0x000000076b200000)
  object space 175104K, 2% used [0x00000006c1600000,0x00000006c19cb998,0x00000006cc100000)
 Metaspace       used 20679K, capacity 21096K, committed 21248K, reserved 1067008K
  class space    used 2610K, capacity 2724K, committed 2816K, reserved 1048576K
}
Event: 13.835 GC heap before
{Heap before GC invocations=2 (full 1):
 PSYoungGen      total 76288K, used 10746K [0x000000076b200000, 0x0000000770700000, 0x00000007c0000000)
  eden space 65536K, 0% used [0x000000076b200000,0x000000076b200000,0x000000076f200000)
  from space 10752K, 99% used [0x000000076f200000,0x000000076fc7e958,0x000000076fc80000)
  to   space 10752K, 0% used [0x000000076fc80000,0x000000076fc80000,0x0000000770700000)
 ParOldGen       total 175104K, used 3886K [0x00000006c1600000, 0x00000006cc100000, 0x000000076b200000)
  object space 175104K, 2% used [0x00000006c1600000,0x00000006c19cb998,0x00000006cc100000)
 Metaspace       used 20679K, capacity 21096K, committed 21248K, reserved 1067008K
  class space    used 2610K, capacity 2724K, committed 2816K, reserved 1048576K
Event: 13.870 GC heap after
Heap after GC invocations=2 (full 1):
 PSYoungGen      total 76288K, used 0K [0x000000076b200000, 0x0000000770700000, 0x00000007c0000000)
  eden space 65536K, 0% used [0x000000076b200000,0x000000076b200000,0x000000076f200000)
  from space 10752K, 0% used [0x000000076f200000,0x000000076f200000,0x000000076fc80000)
  to   space 10752K, 0% used [0x000000076fc80000,0x000000076fc80000,0x0000000770700000)
 ParOldGen       total 79360K, used 9455K [0x00000006c1600000, 0x00000006c6380000, 0x000000076b200000)
  object space 79360K, 11% used [0x00000006c1600000,0x00000006c1f3bca8,0x00000006c6380000)
 Metaspace       used 20679K, capacity 21096K, committed 21248K, reserved 1067008K
  class space    used 2610K, capacity 2724K, committed 2816K, reserved 1048576K
}

